<?xml version="1.0" encoding="UTF-8"?>
<coverage generated="1766278658411" clover="3.2.0">
  <project timestamp="1766278658411" name="All files">
    <metrics statements="118" coveredstatements="113" conditionals="93" coveredconditionals="84" methods="48" coveredmethods="42" elements="259" coveredelements="239" complexity="0" loc="118" ncloc="118" packages="1" files="1" classes="1"/>
    <file name="gameLogic.ts" path="C:\Users\marti\sh_thead-game\src\gameLogic.ts">
      <metrics statements="118" coveredstatements="113" conditionals="93" coveredconditionals="84" methods="48" coveredmethods="42"/>
      <line num="10" count="6" type="stmt"/>
      <line num="31" count="0" type="stmt"/>
      <line num="35" count="64" type="stmt"/>
      <line num="39" count="77" type="stmt"/>
      <line num="43" count="25" type="stmt"/>
      <line num="47" count="60" type="stmt"/>
      <line num="55" count="33" type="cond" truecount="2" falsecount="0"/>
      <line num="57" count="30" type="stmt"/>
      <line num="58" count="32" type="cond" truecount="2" falsecount="0"/>
      <line num="59" count="28" type="stmt"/>
      <line num="63" count="2" type="stmt"/>
      <line num="67" count="3" type="stmt"/>
      <line num="75" count="35" type="cond" truecount="4" falsecount="0"/>
      <line num="76" count="6" type="stmt"/>
      <line num="79" count="29" type="stmt"/>
      <line num="81" count="29" type="cond" truecount="2" falsecount="0"/>
      <line num="82" count="3" type="stmt"/>
      <line num="85" count="26" type="cond" truecount="2" falsecount="0"/>
      <line num="86" count="1" type="stmt"/>
      <line num="89" count="25" type="cond" truecount="4" falsecount="0"/>
      <line num="90" count="3" type="stmt"/>
      <line num="93" count="22" type="cond" truecount="1" falsecount="1"/>
      <line num="94" count="0" type="stmt"/>
      <line num="97" count="22" type="cond" truecount="2" falsecount="0"/>
      <line num="98" count="7" type="stmt"/>
      <line num="101" count="15" type="stmt"/>
      <line num="105" count="9" type="cond" truecount="1" falsecount="1"/>
      <line num="106" count="9" type="cond" truecount="2" falsecount="0"/>
      <line num="108" count="4" type="stmt"/>
      <line num="109" count="8" type="stmt"/>
      <line num="111" count="4" type="cond" truecount="2" falsecount="0"/>
      <line num="113" count="2" type="stmt"/>
      <line num="121" count="10" type="cond" truecount="1" falsecount="1"/>
      <line num="123" count="10" type="stmt"/>
      <line num="124" count="10" type="cond" truecount="2" falsecount="0"/>
      <line num="126" count="6" type="stmt"/>
      <line num="130" count="7" type="cond" truecount="2" falsecount="0"/>
      <line num="132" count="13" type="stmt"/>
      <line num="134" count="3" type="cond" truecount="1" falsecount="1"/>
      <line num="136" count="3" type="stmt"/>
      <line num="137" count="3" type="stmt"/>
      <line num="139" count="12" type="stmt"/>
      <line num="149" count="6" type="stmt"/>
      <line num="151" count="6" type="cond" truecount="2" falsecount="0"/>
      <line num="152" count="3" type="cond" truecount="2" falsecount="0"/>
      <line num="153" count="2" type="stmt"/>
      <line num="159" count="1" type="stmt"/>
      <line num="167" count="3" type="cond" truecount="2" falsecount="0"/>
      <line num="168" count="1" type="stmt"/>
      <line num="175" count="2" type="cond" truecount="2" falsecount="0"/>
      <line num="176" count="1" type="stmt"/>
      <line num="183" count="1" type="stmt"/>
      <line num="195" count="38" type="stmt"/>
      <line num="196" count="17" type="cond" truecount="2" falsecount="0"/>
      <line num="197" count="12" type="stmt"/>
      <line num="198" count="12" type="cond" truecount="2" falsecount="0"/>
      <line num="199" count="7" type="stmt"/>
      <line num="203" count="8" type="stmt"/>
      <line num="205" count="8" type="cond" truecount="2" falsecount="0"/>
      <line num="206" count="9" type="stmt"/>
      <line num="207" count="3" type="stmt"/>
      <line num="210" count="5" type="cond" truecount="2" falsecount="0"/>
      <line num="211" count="4" type="stmt"/>
      <line num="212" count="3" type="stmt"/>
      <line num="215" count="2" type="stmt"/>
      <line num="216" count="2" type="stmt"/>
      <line num="220" count="2" type="stmt"/>
      <line num="221" count="1" type="cond" truecount="2" falsecount="0"/>
      <line num="225" count="10" type="stmt"/>
      <line num="226" count="4" type="cond" truecount="2" falsecount="0"/>
      <line num="227" count="2" type="stmt"/>
      <line num="229" count="2" type="stmt"/>
      <line num="242" count="3" type="cond" truecount="2" falsecount="0"/>
      <line num="243" count="2" type="stmt"/>
      <line num="244" count="2" type="stmt"/>
      <line num="256" count="5" type="stmt"/>
      <line num="258" count="5" type="cond" truecount="2" falsecount="0"/>
      <line num="259" count="1" type="stmt"/>
      <line num="260" count="1" type="stmt"/>
      <line num="263" count="4" type="cond" truecount="2" falsecount="0"/>
      <line num="264" count="1" type="stmt"/>
      <line num="265" count="1" type="stmt"/>
      <line num="268" count="3" type="cond" truecount="2" falsecount="0"/>
      <line num="269" count="2" type="stmt"/>
      <line num="271" count="1" type="stmt"/>
      <line num="279" count="3" type="stmt"/>
      <line num="280" count="3" type="stmt"/>
      <line num="281" count="3" type="stmt"/>
      <line num="282" count="3" type="cond" truecount="3" falsecount="0"/>
      <line num="286" count="0" type="stmt"/>
      <line num="290" count="0" type="stmt"/>
      <line num="291" count="0" type="stmt"/>
      <line num="295" count="1" type="stmt"/>
      <line num="296" count="1" type="stmt"/>
      <line num="298" count="1" type="cond" truecount="2" falsecount="0"/>
      <line num="299" count="2" type="stmt"/>
      <line num="300" count="2" type="stmt"/>
      <line num="303" count="1" type="stmt"/>
      <line num="311" count="2" type="stmt"/>
      <line num="320" count="2" type="stmt"/>
      <line num="321" count="7" type="stmt"/>
      <line num="322" count="21" type="stmt"/>
      <line num="323" count="25" type="cond" truecount="3" falsecount="0"/>
      <line num="325" count="21" type="cond" truecount="2" falsecount="0"/>
      <line num="326" count="1" type="stmt"/>
      <line num="331" count="1" type="stmt"/>
      <line num="336" count="3" type="stmt"/>
      <line num="337" count="8" type="stmt"/>
      <line num="339" count="3" type="stmt"/>
      <line num="341" count="15" type="stmt"/>
      <line num="342" count="8" type="cond" truecount="2" falsecount="0"/>
      <line num="343" count="8" type="cond" truecount="2" falsecount="0"/>
      <line num="345" count="15" type="cond" truecount="2" falsecount="0"/>
      <line num="348" count="13" type="stmt"/>
      <line num="349" count="4" type="cond" truecount="2" falsecount="0"/>
      <line num="350" count="4" type="cond" truecount="1" falsecount="1"/>
      <line num="352" count="13" type="cond" truecount="1" falsecount="1"/>
      <line num="355" count="1" type="stmt"/>
    </file>
  </project>
</coverage>
