{"C:\\Users\\marti\\sh_thead-game\\src\\gameLogic.ts": {"path":"C:\\Users\\marti\\sh_thead-game\\src\\gameLogic.ts","statementMap":{"0":{"start":{"line":10,"column":51},"end":{"line":24,"column":null}},"1":{"start":{"line":31,"column":2},"end":{"line":31,"column":null}},"2":{"start":{"line":35,"column":2},"end":{"line":35,"column":null}},"3":{"start":{"line":39,"column":2},"end":{"line":39,"column":null}},"4":{"start":{"line":43,"column":2},"end":{"line":43,"column":null}},"5":{"start":{"line":47,"column":2},"end":{"line":47,"column":null}},"6":{"start":{"line":55,"column":2},"end":{"line":55,"column":null}},"7":{"start":{"line":55,"column":32},"end":{"line":55,"column":null}},"8":{"start":{"line":57,"column":2},"end":{"line":61,"column":null}},"9":{"start":{"line":57,"column":15},"end":{"line":57,"column":39}},"10":{"start":{"line":58,"column":4},"end":{"line":60,"column":null}},"11":{"start":{"line":59,"column":6},"end":{"line":59,"column":null}},"12":{"start":{"line":63,"column":2},"end":{"line":63,"column":null}},"13":{"start":{"line":67,"column":2},"end":{"line":67,"column":null}},"14":{"start":{"line":75,"column":2},"end":{"line":77,"column":null}},"15":{"start":{"line":76,"column":4},"end":{"line":76,"column":null}},"16":{"start":{"line":79,"column":18},"end":{"line":79,"column":null}},"17":{"start":{"line":81,"column":2},"end":{"line":83,"column":null}},"18":{"start":{"line":82,"column":4},"end":{"line":82,"column":null}},"19":{"start":{"line":85,"column":2},"end":{"line":87,"column":null}},"20":{"start":{"line":86,"column":4},"end":{"line":86,"column":null}},"21":{"start":{"line":89,"column":2},"end":{"line":91,"column":null}},"22":{"start":{"line":90,"column":4},"end":{"line":90,"column":null}},"23":{"start":{"line":93,"column":2},"end":{"line":95,"column":null}},"24":{"start":{"line":94,"column":4},"end":{"line":94,"column":null}},"25":{"start":{"line":97,"column":2},"end":{"line":99,"column":null}},"26":{"start":{"line":98,"column":4},"end":{"line":98,"column":null}},"27":{"start":{"line":101,"column":2},"end":{"line":101,"column":null}},"28":{"start":{"line":105,"column":2},"end":{"line":105,"column":null}},"29":{"start":{"line":105,"column":26},"end":{"line":105,"column":null}},"30":{"start":{"line":106,"column":2},"end":{"line":106,"column":null}},"31":{"start":{"line":106,"column":26},"end":{"line":106,"column":null}},"32":{"start":{"line":108,"column":20},"end":{"line":108,"column":null}},"33":{"start":{"line":109,"column":22},"end":{"line":109,"column":null}},"34":{"start":{"line":109,"column":44},"end":{"line":109,"column":67}},"35":{"start":{"line":111,"column":2},"end":{"line":111,"column":null}},"36":{"start":{"line":111,"column":20},"end":{"line":111,"column":null}},"37":{"start":{"line":113,"column":2},"end":{"line":113,"column":null}},"38":{"start":{"line":121,"column":2},"end":{"line":121,"column":null}},"39":{"start":{"line":121,"column":32},"end":{"line":121,"column":null}},"40":{"start":{"line":123,"column":19},"end":{"line":123,"column":null}},"41":{"start":{"line":124,"column":2},"end":{"line":124,"column":null}},"42":{"start":{"line":124,"column":24},"end":{"line":124,"column":null}},"43":{"start":{"line":126,"column":2},"end":{"line":126,"column":null}},"44":{"start":{"line":130,"column":2},"end":{"line":130,"column":null}},"45":{"start":{"line":130,"column":30},"end":{"line":130,"column":null}},"46":{"start":{"line":132,"column":28},"end":{"line":132,"column":null}},"47":{"start":{"line":132,"column":57},"end":{"line":132,"column":75}},"48":{"start":{"line":134,"column":2},"end":{"line":134,"column":null}},"49":{"start":{"line":134,"column":36},"end":{"line":134,"column":null}},"50":{"start":{"line":136,"column":19},"end":{"line":136,"column":null}},"51":{"start":{"line":137,"column":20},"end":{"line":137,"column":null}},"52":{"start":{"line":139,"column":2},"end":{"line":139,"column":null}},"53":{"start":{"line":139,"column":34},"end":{"line":139,"column":57}},"54":{"start":{"line":149,"column":17},"end":{"line":149,"column":null}},"55":{"start":{"line":151,"column":2},"end":{"line":165,"column":null}},"56":{"start":{"line":152,"column":4},"end":{"line":164,"column":null}},"57":{"start":{"line":153,"column":6},"end":{"line":157,"column":null}},"58":{"start":{"line":159,"column":6},"end":{"line":163,"column":null}},"59":{"start":{"line":167,"column":2},"end":{"line":173,"column":null}},"60":{"start":{"line":168,"column":4},"end":{"line":172,"column":null}},"61":{"start":{"line":175,"column":2},"end":{"line":181,"column":null}},"62":{"start":{"line":176,"column":4},"end":{"line":180,"column":null}},"63":{"start":{"line":183,"column":2},"end":{"line":187,"column":null}},"64":{"start":{"line":195,"column":22},"end":{"line":195,"column":null}},"65":{"start":{"line":195,"column":59},"end":{"line":195,"column":69}},"66":{"start":{"line":196,"column":2},"end":{"line":196,"column":null}},"67":{"start":{"line":196,"column":30},"end":{"line":196,"column":null}},"68":{"start":{"line":197,"column":24},"end":{"line":197,"column":null}},"69":{"start":{"line":197,"column":63},"end":{"line":197,"column":73}},"70":{"start":{"line":198,"column":2},"end":{"line":198,"column":null}},"71":{"start":{"line":198,"column":32},"end":{"line":198,"column":null}},"72":{"start":{"line":199,"column":2},"end":{"line":199,"column":null}},"73":{"start":{"line":203,"column":17},"end":{"line":203,"column":null}},"74":{"start":{"line":205,"column":2},"end":{"line":208,"column":null}},"75":{"start":{"line":206,"column":24},"end":{"line":206,"column":null}},"76":{"start":{"line":206,"column":61},"end":{"line":206,"column":71}},"77":{"start":{"line":207,"column":4},"end":{"line":207,"column":null}},"78":{"start":{"line":207,"column":38},"end":{"line":207,"column":68}},"79":{"start":{"line":210,"column":2},"end":{"line":213,"column":null}},"80":{"start":{"line":211,"column":26},"end":{"line":211,"column":null}},"81":{"start":{"line":211,"column":65},"end":{"line":211,"column":75}},"82":{"start":{"line":212,"column":4},"end":{"line":212,"column":null}},"83":{"start":{"line":212,"column":40},"end":{"line":212,"column":70}},"84":{"start":{"line":215,"column":26},"end":{"line":215,"column":null}},"85":{"start":{"line":215,"column":67},"end":{"line":215,"column":77}},"86":{"start":{"line":216,"column":2},"end":{"line":216,"column":null}},"87":{"start":{"line":220,"column":23},"end":{"line":220,"column":null}},"88":{"start":{"line":220,"column":60},"end":{"line":220,"column":70}},"89":{"start":{"line":221,"column":2},"end":{"line":221,"column":null}},"90":{"start":{"line":225,"column":23},"end":{"line":225,"column":null}},"91":{"start":{"line":225,"column":60},"end":{"line":225,"column":70}},"92":{"start":{"line":226,"column":2},"end":{"line":228,"column":null}},"93":{"start":{"line":227,"column":4},"end":{"line":227,"column":null}},"94":{"start":{"line":229,"column":2},"end":{"line":229,"column":null}},"95":{"start":{"line":242,"column":2},"end":{"line":242,"column":null}},"96":{"start":{"line":242,"column":20},"end":{"line":242,"column":null}},"97":{"start":{"line":243,"column":19},"end":{"line":243,"column":null}},"98":{"start":{"line":244,"column":2},"end":{"line":244,"column":null}},"99":{"start":{"line":256,"column":17},"end":{"line":256,"column":null}},"100":{"start":{"line":258,"column":2},"end":{"line":261,"column":null}},"101":{"start":{"line":259,"column":24},"end":{"line":259,"column":null}},"102":{"start":{"line":259,"column":61},"end":{"line":259,"column":71}},"103":{"start":{"line":260,"column":4},"end":{"line":260,"column":null}},"104":{"start":{"line":260,"column":38},"end":{"line":260,"column":68}},"105":{"start":{"line":263,"column":2},"end":{"line":266,"column":null}},"106":{"start":{"line":264,"column":26},"end":{"line":264,"column":null}},"107":{"start":{"line":264,"column":65},"end":{"line":264,"column":75}},"108":{"start":{"line":265,"column":4},"end":{"line":265,"column":null}},"109":{"start":{"line":265,"column":40},"end":{"line":265,"column":70}},"110":{"start":{"line":268,"column":2},"end":{"line":270,"column":null}},"111":{"start":{"line":269,"column":4},"end":{"line":269,"column":null}},"112":{"start":{"line":271,"column":2},"end":{"line":271,"column":null}},"113":{"start":{"line":279,"column":22},"end":{"line":279,"column":null}},"114":{"start":{"line":279,"column":59},"end":{"line":279,"column":69}},"115":{"start":{"line":280,"column":24},"end":{"line":280,"column":null}},"116":{"start":{"line":280,"column":63},"end":{"line":280,"column":73}},"117":{"start":{"line":281,"column":26},"end":{"line":281,"column":null}},"118":{"start":{"line":281,"column":67},"end":{"line":281,"column":77}},"119":{"start":{"line":282,"column":2},"end":{"line":282,"column":null}},"120":{"start":{"line":286,"column":2},"end":{"line":286,"column":null}},"121":{"start":{"line":290,"column":27},"end":{"line":290,"column":null}},"122":{"start":{"line":290,"column":49},"end":{"line":290,"column":65}},"123":{"start":{"line":291,"column":2},"end":{"line":291,"column":null}},"124":{"start":{"line":295,"column":6},"end":{"line":295,"column":null}},"125":{"start":{"line":296,"column":20},"end":{"line":296,"column":null}},"126":{"start":{"line":298,"column":2},"end":{"line":301,"column":null}},"127":{"start":{"line":299,"column":4},"end":{"line":299,"column":null}},"128":{"start":{"line":300,"column":4},"end":{"line":300,"column":null}},"129":{"start":{"line":303,"column":2},"end":{"line":303,"column":null}},"130":{"start":{"line":311,"column":21},"end":{"line":318,"column":null}},"131":{"start":{"line":320,"column":2},"end":{"line":329,"column":null}},"132":{"start":{"line":321,"column":4},"end":{"line":328,"column":null}},"133":{"start":{"line":321,"column":17},"end":{"line":321,"column":20}},"134":{"start":{"line":322,"column":22},"end":{"line":324,"column":null}},"135":{"start":{"line":323,"column":18},"end":{"line":323,"column":null}},"136":{"start":{"line":325,"column":6},"end":{"line":327,"column":null}},"137":{"start":{"line":326,"column":8},"end":{"line":326,"column":null}},"138":{"start":{"line":331,"column":2},"end":{"line":331,"column":null}},"139":{"start":{"line":336,"column":16},"end":{"line":336,"column":null}},"140":{"start":{"line":337,"column":22},"end":{"line":337,"column":null}},"141":{"start":{"line":337,"column":59},"end":{"line":337,"column":69}},"142":{"start":{"line":339,"column":2},"end":{"line":353,"column":null}},"143":{"start":{"line":341,"column":20},"end":{"line":344,"column":null}},"144":{"start":{"line":342,"column":20},"end":{"line":342,"column":null}},"145":{"start":{"line":343,"column":6},"end":{"line":343,"column":null}},"146":{"start":{"line":345,"column":4},"end":{"line":345,"column":null}},"147":{"start":{"line":345,"column":17},"end":{"line":345,"column":null}},"148":{"start":{"line":348,"column":22},"end":{"line":351,"column":null}},"149":{"start":{"line":349,"column":22},"end":{"line":349,"column":null}},"150":{"start":{"line":350,"column":6},"end":{"line":350,"column":null}},"151":{"start":{"line":352,"column":4},"end":{"line":352,"column":null}},"152":{"start":{"line":352,"column":19},"end":{"line":352,"column":null}},"153":{"start":{"line":355,"column":2},"end":{"line":355,"column":null}}},"fnMap":{"0":{"name":"isSpecialCard","decl":{"start":{"line":30,"column":16},"end":{"line":30,"column":30}},"loc":{"start":{"line":30,"column":51},"end":{"line":32,"column":null}},"line":30},"1":{"name":"isReset","decl":{"start":{"line":34,"column":16},"end":{"line":34,"column":24}},"loc":{"start":{"line":34,"column":45},"end":{"line":36,"column":null}},"line":34},"2":{"name":"isInvisible","decl":{"start":{"line":38,"column":16},"end":{"line":38,"column":28}},"loc":{"start":{"line":38,"column":49},"end":{"line":40,"column":null}},"line":38},"3":{"name":"isLimiter","decl":{"start":{"line":42,"column":16},"end":{"line":42,"column":26}},"loc":{"start":{"line":42,"column":47},"end":{"line":44,"column":null}},"line":42},"4":{"name":"isBurn","decl":{"start":{"line":46,"column":16},"end":{"line":46,"column":23}},"loc":{"start":{"line":46,"column":44},"end":{"line":48,"column":null}},"line":46},"5":{"name":"getEffectiveTopCard","decl":{"start":{"line":54,"column":16},"end":{"line":54,"column":36}},"loc":{"start":{"line":54,"column":70},"end":{"line":64,"column":null}},"line":54},"6":{"name":"getVisiblePileCards","decl":{"start":{"line":66,"column":16},"end":{"line":66,"column":36}},"loc":{"start":{"line":66,"column":84},"end":{"line":68,"column":null}},"line":66},"7":{"name":"canPlayCard","decl":{"start":{"line":74,"column":16},"end":{"line":74,"column":28}},"loc":{"start":{"line":74,"column":70},"end":{"line":102,"column":null}},"line":74},"8":{"name":"canPlayMultipleCards","decl":{"start":{"line":104,"column":16},"end":{"line":104,"column":37}},"loc":{"start":{"line":104,"column":82},"end":{"line":114,"column":null}},"line":104},"9":{"name":"(anonymous_9)","decl":{"start":{"line":109,"column":34},"end":{"line":109,"column":35}},"loc":{"start":{"line":109,"column":44},"end":{"line":109,"column":67}},"line":109},"10":{"name":"shouldBurnPile","decl":{"start":{"line":120,"column":16},"end":{"line":120,"column":31}},"loc":{"start":{"line":120,"column":61},"end":{"line":127,"column":null}},"line":120},"11":{"name":"isFourOfAKind","decl":{"start":{"line":129,"column":16},"end":{"line":129,"column":30}},"loc":{"start":{"line":129,"column":60},"end":{"line":140,"column":null}},"line":129},"12":{"name":"(anonymous_12)","decl":{"start":{"line":132,"column":47},"end":{"line":132,"column":48}},"loc":{"start":{"line":132,"column":57},"end":{"line":132,"column":75}},"line":132},"13":{"name":"(anonymous_13)","decl":{"start":{"line":139,"column":24},"end":{"line":139,"column":25}},"loc":{"start":{"line":139,"column":34},"end":{"line":139,"column":57}},"line":139},"14":{"name":"getPlayResult","decl":{"start":{"line":148,"column":16},"end":{"line":148,"column":30}},"loc":{"start":{"line":148,"column":84},"end":{"line":188,"column":null}},"line":148},"15":{"name":"getAvailableCardSource","decl":{"start":{"line":194,"column":16},"end":{"line":194,"column":39}},"loc":{"start":{"line":194,"column":67},"end":{"line":200,"column":null}},"line":194},"16":{"name":"(anonymous_16)","decl":{"start":{"line":195,"column":41},"end":{"line":195,"column":42}},"loc":{"start":{"line":195,"column":59},"end":{"line":195,"column":69}},"line":195},"17":{"name":"(anonymous_17)","decl":{"start":{"line":197,"column":45},"end":{"line":197,"column":46}},"loc":{"start":{"line":197,"column":63},"end":{"line":197,"column":73}},"line":197},"18":{"name":"canPlayerPlay","decl":{"start":{"line":202,"column":16},"end":{"line":202,"column":30}},"loc":{"start":{"line":202,"column":76},"end":{"line":217,"column":null}},"line":202},"19":{"name":"(anonymous_19)","decl":{"start":{"line":206,"column":43},"end":{"line":206,"column":44}},"loc":{"start":{"line":206,"column":61},"end":{"line":206,"column":71}},"line":206},"20":{"name":"(anonymous_20)","decl":{"start":{"line":207,"column":28},"end":{"line":207,"column":29}},"loc":{"start":{"line":207,"column":38},"end":{"line":207,"column":68}},"line":207},"21":{"name":"(anonymous_21)","decl":{"start":{"line":211,"column":47},"end":{"line":211,"column":48}},"loc":{"start":{"line":211,"column":65},"end":{"line":211,"column":75}},"line":211},"22":{"name":"(anonymous_22)","decl":{"start":{"line":212,"column":30},"end":{"line":212,"column":31}},"loc":{"start":{"line":212,"column":40},"end":{"line":212,"column":70}},"line":212},"23":{"name":"(anonymous_23)","decl":{"start":{"line":215,"column":49},"end":{"line":215,"column":50}},"loc":{"start":{"line":215,"column":67},"end":{"line":215,"column":77}},"line":215},"24":{"name":"shouldDrawCards","decl":{"start":{"line":219,"column":16},"end":{"line":219,"column":32}},"loc":{"start":{"line":219,"column":75},"end":{"line":222,"column":null}},"line":219},"25":{"name":"(anonymous_25)","decl":{"start":{"line":220,"column":42},"end":{"line":220,"column":43}},"loc":{"start":{"line":220,"column":60},"end":{"line":220,"column":70}},"line":220},"26":{"name":"getCardsToDrawCount","decl":{"start":{"line":224,"column":16},"end":{"line":224,"column":36}},"loc":{"start":{"line":224,"column":78},"end":{"line":230,"column":null}},"line":224},"27":{"name":"(anonymous_27)","decl":{"start":{"line":225,"column":42},"end":{"line":225,"column":43}},"loc":{"start":{"line":225,"column":60},"end":{"line":225,"column":70}},"line":225},"28":{"name":"canPlayMixedSources","decl":{"start":{"line":236,"column":16},"end":{"line":236,"column":null}},"loc":{"start":{"line":241,"column":11},"end":{"line":245,"column":null}},"line":241},"29":{"name":"shouldConfirmPickUp","decl":{"start":{"line":251,"column":16},"end":{"line":251,"column":null}},"loc":{"start":{"line":255,"column":11},"end":{"line":272,"column":null}},"line":255},"30":{"name":"(anonymous_30)","decl":{"start":{"line":259,"column":43},"end":{"line":259,"column":44}},"loc":{"start":{"line":259,"column":61},"end":{"line":259,"column":71}},"line":259},"31":{"name":"(anonymous_31)","decl":{"start":{"line":260,"column":28},"end":{"line":260,"column":29}},"loc":{"start":{"line":260,"column":38},"end":{"line":260,"column":68}},"line":260},"32":{"name":"(anonymous_32)","decl":{"start":{"line":264,"column":47},"end":{"line":264,"column":48}},"loc":{"start":{"line":264,"column":65},"end":{"line":264,"column":75}},"line":264},"33":{"name":"(anonymous_33)","decl":{"start":{"line":265,"column":30},"end":{"line":265,"column":31}},"loc":{"start":{"line":265,"column":40},"end":{"line":265,"column":70}},"line":265},"34":{"name":"hasPlayerWon","decl":{"start":{"line":278,"column":16},"end":{"line":278,"column":29}},"loc":{"start":{"line":278,"column":54},"end":{"line":283,"column":null}},"line":278},"35":{"name":"(anonymous_35)","decl":{"start":{"line":279,"column":41},"end":{"line":279,"column":42}},"loc":{"start":{"line":279,"column":59},"end":{"line":279,"column":69}},"line":279},"36":{"name":"(anonymous_36)","decl":{"start":{"line":280,"column":45},"end":{"line":280,"column":46}},"loc":{"start":{"line":280,"column":63},"end":{"line":280,"column":73}},"line":280},"37":{"name":"(anonymous_37)","decl":{"start":{"line":281,"column":49},"end":{"line":281,"column":50}},"loc":{"start":{"line":281,"column":67},"end":{"line":281,"column":77}},"line":281},"38":{"name":"getFinishedPlayers","decl":{"start":{"line":285,"column":16},"end":{"line":285,"column":35}},"loc":{"start":{"line":285,"column":64},"end":{"line":287,"column":null}},"line":285},"39":{"name":"isGameOver","decl":{"start":{"line":289,"column":16},"end":{"line":289,"column":27}},"loc":{"start":{"line":289,"column":55},"end":{"line":292,"column":null}},"line":289},"40":{"name":"(anonymous_40)","decl":{"start":{"line":290,"column":42},"end":{"line":290,"column":43}},"loc":{"start":{"line":290,"column":49},"end":{"line":290,"column":65}},"line":290},"41":{"name":"getNextPlayer","decl":{"start":{"line":294,"column":16},"end":{"line":294,"column":30}},"loc":{"start":{"line":294,"column":85},"end":{"line":304,"column":null}},"line":294},"42":{"name":"getStartingPlayer","decl":{"start":{"line":310,"column":16},"end":{"line":310,"column":34}},"loc":{"start":{"line":310,"column":61},"end":{"line":332,"column":null}},"line":310},"43":{"name":"(anonymous_43)","decl":{"start":{"line":323,"column":8},"end":{"line":323,"column":9}},"loc":{"start":{"line":323,"column":18},"end":{"line":323,"column":null}},"line":323},"44":{"name":"getStartingCard","decl":{"start":{"line":334,"column":16},"end":{"line":334,"column":32}},"loc":{"start":{"line":334,"column":61},"end":{"line":356,"column":null}},"line":334},"45":{"name":"(anonymous_45)","decl":{"start":{"line":337,"column":41},"end":{"line":337,"column":42}},"loc":{"start":{"line":337,"column":59},"end":{"line":337,"column":69}},"line":337},"46":{"name":"(anonymous_46)","decl":{"start":{"line":341,"column":37},"end":{"line":341,"column":38}},"loc":{"start":{"line":341,"column":47},"end":{"line":344,"column":5}},"line":341},"47":{"name":"(anonymous_47)","decl":{"start":{"line":348,"column":39},"end":{"line":348,"column":40}},"loc":{"start":{"line":348,"column":49},"end":{"line":351,"column":5}},"line":348}},"branchMap":{"0":{"loc":{"start":{"line":55,"column":2},"end":{"line":55,"column":null}},"type":"if","locations":[{"start":{"line":55,"column":2},"end":{"line":55,"column":null}},{"start":{},"end":{}}],"line":55},"1":{"loc":{"start":{"line":58,"column":4},"end":{"line":60,"column":null}},"type":"if","locations":[{"start":{"line":58,"column":4},"end":{"line":60,"column":null}},{"start":{},"end":{}}],"line":58},"2":{"loc":{"start":{"line":66,"column":57},"end":{"line":66,"column":84}},"type":"default-arg","locations":[{"start":{"line":66,"column":73},"end":{"line":66,"column":84}}],"line":66},"3":{"loc":{"start":{"line":75,"column":2},"end":{"line":77,"column":null}},"type":"if","locations":[{"start":{"line":75,"column":2},"end":{"line":77,"column":null}},{"start":{},"end":{}}],"line":75},"4":{"loc":{"start":{"line":75,"column":6},"end":{"line":75,"column":42}},"type":"binary-expr","locations":[{"start":{"line":75,"column":6},"end":{"line":75,"column":23}},{"start":{"line":75,"column":23},"end":{"line":75,"column":42}}],"line":75},"5":{"loc":{"start":{"line":81,"column":2},"end":{"line":83,"column":null}},"type":"if","locations":[{"start":{"line":81,"column":2},"end":{"line":83,"column":null}},{"start":{},"end":{}}],"line":81},"6":{"loc":{"start":{"line":85,"column":2},"end":{"line":87,"column":null}},"type":"if","locations":[{"start":{"line":85,"column":2},"end":{"line":87,"column":null}},{"start":{},"end":{}}],"line":85},"7":{"loc":{"start":{"line":89,"column":2},"end":{"line":91,"column":null}},"type":"if","locations":[{"start":{"line":89,"column":2},"end":{"line":91,"column":null}},{"start":{},"end":{}}],"line":89},"8":{"loc":{"start":{"line":89,"column":6},"end":{"line":89,"column":42}},"type":"binary-expr","locations":[{"start":{"line":89,"column":6},"end":{"line":89,"column":22}},{"start":{"line":89,"column":22},"end":{"line":89,"column":42}}],"line":89},"9":{"loc":{"start":{"line":93,"column":2},"end":{"line":95,"column":null}},"type":"if","locations":[{"start":{"line":93,"column":2},"end":{"line":95,"column":null}},{"start":{},"end":{}}],"line":93},"10":{"loc":{"start":{"line":97,"column":2},"end":{"line":99,"column":null}},"type":"if","locations":[{"start":{"line":97,"column":2},"end":{"line":99,"column":null}},{"start":{},"end":{}}],"line":97},"11":{"loc":{"start":{"line":105,"column":2},"end":{"line":105,"column":null}},"type":"if","locations":[{"start":{"line":105,"column":2},"end":{"line":105,"column":null}},{"start":{},"end":{}}],"line":105},"12":{"loc":{"start":{"line":106,"column":2},"end":{"line":106,"column":null}},"type":"if","locations":[{"start":{"line":106,"column":2},"end":{"line":106,"column":null}},{"start":{},"end":{}}],"line":106},"13":{"loc":{"start":{"line":111,"column":2},"end":{"line":111,"column":null}},"type":"if","locations":[{"start":{"line":111,"column":2},"end":{"line":111,"column":null}},{"start":{},"end":{}}],"line":111},"14":{"loc":{"start":{"line":121,"column":2},"end":{"line":121,"column":null}},"type":"if","locations":[{"start":{"line":121,"column":2},"end":{"line":121,"column":null}},{"start":{},"end":{}}],"line":121},"15":{"loc":{"start":{"line":124,"column":2},"end":{"line":124,"column":null}},"type":"if","locations":[{"start":{"line":124,"column":2},"end":{"line":124,"column":null}},{"start":{},"end":{}}],"line":124},"16":{"loc":{"start":{"line":130,"column":2},"end":{"line":130,"column":null}},"type":"if","locations":[{"start":{"line":130,"column":2},"end":{"line":130,"column":null}},{"start":{},"end":{}}],"line":130},"17":{"loc":{"start":{"line":134,"column":2},"end":{"line":134,"column":null}},"type":"if","locations":[{"start":{"line":134,"column":2},"end":{"line":134,"column":null}},{"start":{},"end":{}}],"line":134},"18":{"loc":{"start":{"line":151,"column":2},"end":{"line":165,"column":null}},"type":"if","locations":[{"start":{"line":151,"column":2},"end":{"line":165,"column":null}},{"start":{},"end":{}}],"line":151},"19":{"loc":{"start":{"line":152,"column":4},"end":{"line":164,"column":null}},"type":"if","locations":[{"start":{"line":152,"column":4},"end":{"line":164,"column":null}},{"start":{"line":158,"column":11},"end":{"line":164,"column":null}}],"line":152},"20":{"loc":{"start":{"line":156,"column":63},"end":{"line":156,"column":100}},"type":"cond-expr","locations":[{"start":{"line":156,"column":88},"end":{"line":156,"column":96}},{"start":{"line":156,"column":96},"end":{"line":156,"column":100}}],"line":156},"21":{"loc":{"start":{"line":167,"column":2},"end":{"line":173,"column":null}},"type":"if","locations":[{"start":{"line":167,"column":2},"end":{"line":173,"column":null}},{"start":{},"end":{}}],"line":167},"22":{"loc":{"start":{"line":171,"column":51},"end":{"line":171,"column":86}},"type":"cond-expr","locations":[{"start":{"line":171,"column":76},"end":{"line":171,"column":83}},{"start":{"line":171,"column":83},"end":{"line":171,"column":86}}],"line":171},"23":{"loc":{"start":{"line":175,"column":2},"end":{"line":181,"column":null}},"type":"if","locations":[{"start":{"line":175,"column":2},"end":{"line":181,"column":null}},{"start":{},"end":{}}],"line":175},"24":{"loc":{"start":{"line":179,"column":50},"end":{"line":179,"column":85}},"type":"cond-expr","locations":[{"start":{"line":179,"column":75},"end":{"line":179,"column":82}},{"start":{"line":179,"column":82},"end":{"line":179,"column":85}}],"line":179},"25":{"loc":{"start":{"line":186,"column":67},"end":{"line":186,"column":100}},"type":"cond-expr","locations":[{"start":{"line":186,"column":92},"end":{"line":186,"column":98}},{"start":{"line":186,"column":98},"end":{"line":186,"column":100}}],"line":186},"26":{"loc":{"start":{"line":196,"column":2},"end":{"line":196,"column":null}},"type":"if","locations":[{"start":{"line":196,"column":2},"end":{"line":196,"column":null}},{"start":{},"end":{}}],"line":196},"27":{"loc":{"start":{"line":198,"column":2},"end":{"line":198,"column":null}},"type":"if","locations":[{"start":{"line":198,"column":2},"end":{"line":198,"column":null}},{"start":{},"end":{}}],"line":198},"28":{"loc":{"start":{"line":205,"column":2},"end":{"line":208,"column":null}},"type":"if","locations":[{"start":{"line":205,"column":2},"end":{"line":208,"column":null}},{"start":{},"end":{}}],"line":205},"29":{"loc":{"start":{"line":210,"column":2},"end":{"line":213,"column":null}},"type":"if","locations":[{"start":{"line":210,"column":2},"end":{"line":213,"column":null}},{"start":{},"end":{}}],"line":210},"30":{"loc":{"start":{"line":221,"column":9},"end":{"line":221,"column":null}},"type":"binary-expr","locations":[{"start":{"line":221,"column":9},"end":{"line":221,"column":29}},{"start":{"line":221,"column":29},"end":{"line":221,"column":null}}],"line":221},"31":{"loc":{"start":{"line":226,"column":2},"end":{"line":228,"column":null}},"type":"if","locations":[{"start":{"line":226,"column":2},"end":{"line":228,"column":null}},{"start":{},"end":{}}],"line":226},"32":{"loc":{"start":{"line":242,"column":2},"end":{"line":242,"column":null}},"type":"if","locations":[{"start":{"line":242,"column":2},"end":{"line":242,"column":null}},{"start":{},"end":{}}],"line":242},"33":{"loc":{"start":{"line":258,"column":2},"end":{"line":261,"column":null}},"type":"if","locations":[{"start":{"line":258,"column":2},"end":{"line":261,"column":null}},{"start":{},"end":{}}],"line":258},"34":{"loc":{"start":{"line":263,"column":2},"end":{"line":266,"column":null}},"type":"if","locations":[{"start":{"line":263,"column":2},"end":{"line":266,"column":null}},{"start":{},"end":{}}],"line":263},"35":{"loc":{"start":{"line":268,"column":2},"end":{"line":270,"column":null}},"type":"if","locations":[{"start":{"line":268,"column":2},"end":{"line":270,"column":null}},{"start":{},"end":{}}],"line":268},"36":{"loc":{"start":{"line":282,"column":9},"end":{"line":282,"column":null}},"type":"binary-expr","locations":[{"start":{"line":282,"column":9},"end":{"line":282,"column":37}},{"start":{"line":282,"column":37},"end":{"line":282,"column":67}},{"start":{"line":282,"column":67},"end":{"line":282,"column":null}}],"line":282},"37":{"loc":{"start":{"line":298,"column":9},"end":{"line":298,"column":75}},"type":"binary-expr","locations":[{"start":{"line":298,"column":9},"end":{"line":298,"column":45}},{"start":{"line":298,"column":45},"end":{"line":298,"column":75}}],"line":298},"38":{"loc":{"start":{"line":323,"column":18},"end":{"line":323,"column":null}},"type":"binary-expr","locations":[{"start":{"line":323,"column":18},"end":{"line":323,"column":34}},{"start":{"line":323,"column":34},"end":{"line":323,"column":67}},{"start":{"line":323,"column":67},"end":{"line":323,"column":null}}],"line":323},"39":{"loc":{"start":{"line":325,"column":6},"end":{"line":327,"column":null}},"type":"if","locations":[{"start":{"line":325,"column":6},"end":{"line":327,"column":null}},{"start":{},"end":{}}],"line":325},"40":{"loc":{"start":{"line":342,"column":20},"end":{"line":342,"column":null}},"type":"binary-expr","locations":[{"start":{"line":342,"column":20},"end":{"line":342,"column":41}},{"start":{"line":342,"column":41},"end":{"line":342,"column":null}}],"line":342},"41":{"loc":{"start":{"line":343,"column":13},"end":{"line":343,"column":null}},"type":"binary-expr","locations":[{"start":{"line":343,"column":13},"end":{"line":343,"column":35}},{"start":{"line":343,"column":35},"end":{"line":343,"column":null}}],"line":343},"42":{"loc":{"start":{"line":345,"column":4},"end":{"line":345,"column":null}},"type":"if","locations":[{"start":{"line":345,"column":4},"end":{"line":345,"column":null}},{"start":{},"end":{}}],"line":345},"43":{"loc":{"start":{"line":349,"column":22},"end":{"line":349,"column":null}},"type":"binary-expr","locations":[{"start":{"line":349,"column":22},"end":{"line":349,"column":43}},{"start":{"line":349,"column":43},"end":{"line":349,"column":null}}],"line":349},"44":{"loc":{"start":{"line":350,"column":13},"end":{"line":350,"column":null}},"type":"binary-expr","locations":[{"start":{"line":350,"column":13},"end":{"line":350,"column":35}},{"start":{"line":350,"column":35},"end":{"line":350,"column":null}}],"line":350},"45":{"loc":{"start":{"line":352,"column":4},"end":{"line":352,"column":null}},"type":"if","locations":[{"start":{"line":352,"column":4},"end":{"line":352,"column":null}},{"start":{},"end":{}}],"line":352}},"s":{"0":6,"1":0,"2":64,"3":77,"4":25,"5":60,"6":33,"7":3,"8":30,"9":30,"10":32,"11":28,"12":2,"13":3,"14":35,"15":6,"16":29,"17":29,"18":3,"19":26,"20":1,"21":25,"22":3,"23":22,"24":0,"25":22,"26":7,"27":15,"28":9,"29":0,"30":9,"31":5,"32":4,"33":4,"34":8,"35":4,"36":2,"37":2,"38":10,"39":0,"40":10,"41":10,"42":4,"43":6,"44":7,"45":4,"46":3,"47":13,"48":3,"49":0,"50":3,"51":3,"52":3,"53":12,"54":6,"55":6,"56":3,"57":2,"58":1,"59":3,"60":1,"61":2,"62":1,"63":1,"64":17,"65":38,"66":17,"67":5,"68":12,"69":9,"70":12,"71":5,"72":7,"73":8,"74":8,"75":3,"76":9,"77":3,"78":3,"79":5,"80":3,"81":4,"82":3,"83":3,"84":2,"85":2,"86":2,"87":1,"88":2,"89":1,"90":4,"91":10,"92":4,"93":2,"94":2,"95":3,"96":1,"97":2,"98":2,"99":5,"100":5,"101":1,"102":1,"103":1,"104":1,"105":4,"106":1,"107":1,"108":1,"109":1,"110":3,"111":2,"112":1,"113":3,"114":3,"115":3,"116":0,"117":3,"118":0,"119":3,"120":0,"121":0,"122":0,"123":0,"124":1,"125":1,"126":1,"127":2,"128":2,"129":1,"130":2,"131":2,"132":7,"133":7,"134":21,"135":25,"136":21,"137":1,"138":1,"139":3,"140":3,"141":8,"142":3,"143":15,"144":8,"145":8,"146":15,"147":2,"148":13,"149":4,"150":4,"151":13,"152":0,"153":1},"f":{"0":0,"1":64,"2":77,"3":25,"4":60,"5":33,"6":3,"7":35,"8":9,"9":8,"10":10,"11":7,"12":13,"13":12,"14":6,"15":17,"16":38,"17":9,"18":8,"19":9,"20":3,"21":4,"22":3,"23":2,"24":1,"25":2,"26":4,"27":10,"28":3,"29":5,"30":1,"31":1,"32":1,"33":1,"34":3,"35":3,"36":0,"37":0,"38":0,"39":0,"40":0,"41":1,"42":2,"43":25,"44":3,"45":8,"46":8,"47":4},"b":{"0":[3,30],"1":[28,4],"2":[3],"3":[6,29],"4":[35,30],"5":[3,26],"6":[1,25],"7":[3,22],"8":[25,3],"9":[0,22],"10":[7,15],"11":[0,9],"12":[5,4],"13":[2,2],"14":[0,10],"15":[4,6],"16":[4,3],"17":[0,3],"18":[3,3],"19":[2,1],"20":[1,1],"21":[1,2],"22":[1,0],"23":[1,1],"24":[0,1],"25":[0,1],"26":[5,12],"27":[5,7],"28":[3,5],"29":[3,2],"30":[1,1],"31":[2,2],"32":[1,2],"33":[1,4],"34":[1,3],"35":[2,1],"36":[3,2,2],"37":[1,2],"38":[25,21,2],"39":[1,20],"40":[8,4],"41":[8,3],"42":[2,13],"43":[4,4],"44":[4,0],"45":[0,13]},"meta":{"lastBranch":46,"lastFunction":48,"lastStatement":154,"seen":{"s:10:51:24:Infinity":0,"f:30:16:30:30":0,"s:31:2:31:Infinity":1,"f:34:16:34:24":1,"s:35:2:35:Infinity":2,"f:38:16:38:28":2,"s:39:2:39:Infinity":3,"f:42:16:42:26":3,"s:43:2:43:Infinity":4,"f:46:16:46:23":4,"s:47:2:47:Infinity":5,"f:54:16:54:36":5,"b:55:2:55:Infinity:undefined:undefined:undefined:undefined":0,"s:55:2:55:Infinity":6,"s:55:32:55:Infinity":7,"s:57:2:61:Infinity":8,"s:57:15:57:39":9,"b:58:4:60:Infinity:undefined:undefined:undefined:undefined":1,"s:58:4:60:Infinity":10,"s:59:6:59:Infinity":11,"s:63:2:63:Infinity":12,"f:66:16:66:36":6,"b:66:73:66:84":2,"s:67:2:67:Infinity":13,"f:74:16:74:28":7,"b:75:2:77:Infinity:undefined:undefined:undefined:undefined":3,"s:75:2:77:Infinity":14,"b:75:6:75:23:75:23:75:42":4,"s:76:4:76:Infinity":15,"s:79:18:79:Infinity":16,"b:81:2:83:Infinity:undefined:undefined:undefined:undefined":5,"s:81:2:83:Infinity":17,"s:82:4:82:Infinity":18,"b:85:2:87:Infinity:undefined:undefined:undefined:undefined":6,"s:85:2:87:Infinity":19,"s:86:4:86:Infinity":20,"b:89:2:91:Infinity:undefined:undefined:undefined:undefined":7,"s:89:2:91:Infinity":21,"b:89:6:89:22:89:22:89:42":8,"s:90:4:90:Infinity":22,"b:93:2:95:Infinity:undefined:undefined:undefined:undefined":9,"s:93:2:95:Infinity":23,"s:94:4:94:Infinity":24,"b:97:2:99:Infinity:undefined:undefined:undefined:undefined":10,"s:97:2:99:Infinity":25,"s:98:4:98:Infinity":26,"s:101:2:101:Infinity":27,"f:104:16:104:37":8,"b:105:2:105:Infinity:undefined:undefined:undefined:undefined":11,"s:105:2:105:Infinity":28,"s:105:26:105:Infinity":29,"b:106:2:106:Infinity:undefined:undefined:undefined:undefined":12,"s:106:2:106:Infinity":30,"s:106:26:106:Infinity":31,"s:108:20:108:Infinity":32,"s:109:22:109:Infinity":33,"f:109:34:109:35":9,"s:109:44:109:67":34,"b:111:2:111:Infinity:undefined:undefined:undefined:undefined":13,"s:111:2:111:Infinity":35,"s:111:20:111:Infinity":36,"s:113:2:113:Infinity":37,"f:120:16:120:31":10,"b:121:2:121:Infinity:undefined:undefined:undefined:undefined":14,"s:121:2:121:Infinity":38,"s:121:32:121:Infinity":39,"s:123:19:123:Infinity":40,"b:124:2:124:Infinity:undefined:undefined:undefined:undefined":15,"s:124:2:124:Infinity":41,"s:124:24:124:Infinity":42,"s:126:2:126:Infinity":43,"f:129:16:129:30":11,"b:130:2:130:Infinity:undefined:undefined:undefined:undefined":16,"s:130:2:130:Infinity":44,"s:130:30:130:Infinity":45,"s:132:28:132:Infinity":46,"f:132:47:132:48":12,"s:132:57:132:75":47,"b:134:2:134:Infinity:undefined:undefined:undefined:undefined":17,"s:134:2:134:Infinity":48,"s:134:36:134:Infinity":49,"s:136:19:136:Infinity":50,"s:137:20:137:Infinity":51,"s:139:2:139:Infinity":52,"f:139:24:139:25":13,"s:139:34:139:57":53,"f:148:16:148:30":14,"s:149:17:149:Infinity":54,"b:151:2:165:Infinity:undefined:undefined:undefined:undefined":18,"s:151:2:165:Infinity":55,"b:152:4:164:Infinity:158:11:164:Infinity":19,"s:152:4:164:Infinity":56,"s:153:6:157:Infinity":57,"b:156:88:156:96:156:96:156:100":20,"s:159:6:163:Infinity":58,"b:167:2:173:Infinity:undefined:undefined:undefined:undefined":21,"s:167:2:173:Infinity":59,"s:168:4:172:Infinity":60,"b:171:76:171:83:171:83:171:86":22,"b:175:2:181:Infinity:undefined:undefined:undefined:undefined":23,"s:175:2:181:Infinity":61,"s:176:4:180:Infinity":62,"b:179:75:179:82:179:82:179:85":24,"s:183:2:187:Infinity":63,"b:186:92:186:98:186:98:186:100":25,"f:194:16:194:39":15,"s:195:22:195:Infinity":64,"f:195:41:195:42":16,"s:195:59:195:69":65,"b:196:2:196:Infinity:undefined:undefined:undefined:undefined":26,"s:196:2:196:Infinity":66,"s:196:30:196:Infinity":67,"s:197:24:197:Infinity":68,"f:197:45:197:46":17,"s:197:63:197:73":69,"b:198:2:198:Infinity:undefined:undefined:undefined:undefined":27,"s:198:2:198:Infinity":70,"s:198:32:198:Infinity":71,"s:199:2:199:Infinity":72,"f:202:16:202:30":18,"s:203:17:203:Infinity":73,"b:205:2:208:Infinity:undefined:undefined:undefined:undefined":28,"s:205:2:208:Infinity":74,"s:206:24:206:Infinity":75,"f:206:43:206:44":19,"s:206:61:206:71":76,"s:207:4:207:Infinity":77,"f:207:28:207:29":20,"s:207:38:207:68":78,"b:210:2:213:Infinity:undefined:undefined:undefined:undefined":29,"s:210:2:213:Infinity":79,"s:211:26:211:Infinity":80,"f:211:47:211:48":21,"s:211:65:211:75":81,"s:212:4:212:Infinity":82,"f:212:30:212:31":22,"s:212:40:212:70":83,"s:215:26:215:Infinity":84,"f:215:49:215:50":23,"s:215:67:215:77":85,"s:216:2:216:Infinity":86,"f:219:16:219:32":24,"s:220:23:220:Infinity":87,"f:220:42:220:43":25,"s:220:60:220:70":88,"s:221:2:221:Infinity":89,"b:221:9:221:29:221:29:221:Infinity":30,"f:224:16:224:36":26,"s:225:23:225:Infinity":90,"f:225:42:225:43":27,"s:225:60:225:70":91,"b:226:2:228:Infinity:undefined:undefined:undefined:undefined":31,"s:226:2:228:Infinity":92,"s:227:4:227:Infinity":93,"s:229:2:229:Infinity":94,"f:236:16:236:Infinity":28,"b:242:2:242:Infinity:undefined:undefined:undefined:undefined":32,"s:242:2:242:Infinity":95,"s:242:20:242:Infinity":96,"s:243:19:243:Infinity":97,"s:244:2:244:Infinity":98,"f:251:16:251:Infinity":29,"s:256:17:256:Infinity":99,"b:258:2:261:Infinity:undefined:undefined:undefined:undefined":33,"s:258:2:261:Infinity":100,"s:259:24:259:Infinity":101,"f:259:43:259:44":30,"s:259:61:259:71":102,"s:260:4:260:Infinity":103,"f:260:28:260:29":31,"s:260:38:260:68":104,"b:263:2:266:Infinity:undefined:undefined:undefined:undefined":34,"s:263:2:266:Infinity":105,"s:264:26:264:Infinity":106,"f:264:47:264:48":32,"s:264:65:264:75":107,"s:265:4:265:Infinity":108,"f:265:30:265:31":33,"s:265:40:265:70":109,"b:268:2:270:Infinity:undefined:undefined:undefined:undefined":35,"s:268:2:270:Infinity":110,"s:269:4:269:Infinity":111,"s:271:2:271:Infinity":112,"f:278:16:278:29":34,"s:279:22:279:Infinity":113,"f:279:41:279:42":35,"s:279:59:279:69":114,"s:280:24:280:Infinity":115,"f:280:45:280:46":36,"s:280:63:280:73":116,"s:281:26:281:Infinity":117,"f:281:49:281:50":37,"s:281:67:281:77":118,"s:282:2:282:Infinity":119,"b:282:9:282:37:282:37:282:67:282:67:282:Infinity":36,"f:285:16:285:35":38,"s:286:2:286:Infinity":120,"f:289:16:289:27":39,"s:290:27:290:Infinity":121,"f:290:42:290:43":40,"s:290:49:290:65":122,"s:291:2:291:Infinity":123,"f:294:16:294:30":41,"s:295:6:295:Infinity":124,"s:296:20:296:Infinity":125,"s:298:2:301:Infinity":126,"b:298:9:298:45:298:45:298:75":37,"s:299:4:299:Infinity":127,"s:300:4:300:Infinity":128,"s:303:2:303:Infinity":129,"f:310:16:310:34":42,"s:311:21:318:Infinity":130,"s:320:2:329:Infinity":131,"s:321:4:328:Infinity":132,"s:321:17:321:20":133,"s:322:22:324:Infinity":134,"f:323:8:323:9":43,"s:323:18:323:Infinity":135,"b:323:18:323:34:323:34:323:67:323:67:323:Infinity":38,"b:325:6:327:Infinity:undefined:undefined:undefined:undefined":39,"s:325:6:327:Infinity":136,"s:326:8:326:Infinity":137,"s:331:2:331:Infinity":138,"f:334:16:334:32":44,"s:336:16:336:Infinity":139,"s:337:22:337:Infinity":140,"f:337:41:337:42":45,"s:337:59:337:69":141,"s:339:2:353:Infinity":142,"s:341:20:344:Infinity":143,"f:341:37:341:38":46,"s:342:20:342:Infinity":144,"b:342:20:342:41:342:41:342:Infinity":40,"s:343:6:343:Infinity":145,"b:343:13:343:35:343:35:343:Infinity":41,"b:345:4:345:Infinity:undefined:undefined:undefined:undefined":42,"s:345:4:345:Infinity":146,"s:345:17:345:Infinity":147,"s:348:22:351:Infinity":148,"f:348:39:348:40":47,"s:349:22:349:Infinity":149,"b:349:22:349:43:349:43:349:Infinity":43,"s:350:6:350:Infinity":150,"b:350:13:350:35:350:35:350:Infinity":44,"b:352:4:352:Infinity:undefined:undefined:undefined:undefined":45,"s:352:4:352:Infinity":151,"s:352:19:352:Infinity":152,"s:355:2:355:Infinity":153}}}
}
